<?xml version="1.0" encoding="UTF-8"?>
<!-- Generated by org.testng.reporters.JUnitReportReporter -->
<testsuite skipped="0" hostname="LAPTOP-89PT9N6I" name="com.servicenow.tests.AssignIncidentTest" tests="1" failures="0" timestamp="2021-05-25T18:45:36 IST" time="51.638" errors="0">
  <testcase name="testAssignIncident" time="51.638" classname="com.servicenow.tests.AssignIncidentTest"/>
  <system-out/>
</testsuite> <!-- com.servicenow.tests.AssignIncidentTest -->
