<?xml version="1.0" encoding="UTF-8"?>
<!-- Generated by org.testng.reporters.JUnitReportReporter -->
<testsuite skipped="0" hostname="LAPTOP-89PT9N6I" name="com.servicenow.tests.ResolveIncidentTest" tests="1" failures="0" timestamp="2021-05-25T19:49:19 IST" time="57.692" errors="0">
  <testcase name="testResolveIncident" time="57.692" classname="com.servicenow.tests.ResolveIncidentTest"/>
  <system-out/>
</testsuite> <!-- com.servicenow.tests.ResolveIncidentTest -->
