<?xml version="1.0" encoding="UTF-8"?>
<!-- Generated by org.testng.reporters.JUnitReportReporter -->
<testsuite skipped="0" hostname="LAPTOP-89PT9N6I" name="com.servicenow.tests.SampleTest" tests="1" failures="0" timestamp="2021-05-26T19:08:49 IST" time="20.390" errors="0">
  <testcase name="testLogin" time="20.390" classname="com.servicenow.tests.SampleTest"/>
  <system-out/>
</testsuite> <!-- com.servicenow.tests.SampleTest -->
