<?xml version="1.0" encoding="UTF-8"?>
<!-- Generated by org.testng.reporters.JUnitReportReporter -->
<testsuite skipped="0" hostname="LAPTOP-89PT9N6I" name="com.servicenow.tests.UpdateIncidentTest" tests="1" failures="0" timestamp="2021-05-25T11:29:16 IST" time="24.450" errors="0">
  <testcase name="testUpdateIncident" time="24.450" classname="com.servicenow.tests.UpdateIncidentTest"/>
  <system-out/>
</testsuite> <!-- com.servicenow.tests.UpdateIncidentTest -->
